<?xml version="1.0" encoding="UTF-8"?>
<!-- Generated by org.testng.reporters.JUnitXMLReporter -->
<testsuite ignored="2" hostname="ratansrikanth" failures="0" tests="2" name="Test" time="12.493" errors="0" timestamp="29 Aug 2018 05:53:54 GMT">
  <testcase classname="extentreport.TestCase01" name="search" time="9.331"/>
  <testcase classname="extentreport.TestCase01" name="click" time="3.078"/>
  <testcase classname="extentreport.TestBase" name="@BeforeSuite setUp" time="0.0">
    <ignored/>
  </testcase> <!-- @BeforeSuite setUp -->
  <testcase classname="extentreport.TestBase" name="@AfterSuite tearDown" time="0.0">
    <ignored/>
  </testcase> <!-- @AfterSuite tearDown -->
</testsuite> <!-- Test -->
