<?xml version="1.0" encoding="UTF-8"?>
<!-- Generated by org.testng.reporters.JUnitXMLReporter -->
<testsuite ignored="2" hostname="ratansrikanth" failures="1" tests="2" name="Test" time="13.874" errors="0" timestamp="01 Sep 2018 15:28:02 GMT">
  <testcase classname="extentreport.TestCase01" name="search" time="1.443"/>
  <testcase classname="extentreport.TestCase01" name="click" time="10.902">
    <failure type="java.lang.AssertionError" message="expected [http://www.androidventure.co/] but found [http://www.androidventure.com/]">
      <![CDATA[java.lang.AssertionError: expected [http://www.androidventure.co/] but found [http://www.androidventure.com/]
at extentreport.TestCase01.click(TestCase01.java:23)
... Removed 35 stack frames]]>
    </failure>
  </testcase> <!-- click -->
  <testcase classname="extentreport.TestBase" name="@BeforeSuite setUp" time="0.0">
    <ignored/>
  </testcase> <!-- @BeforeSuite setUp -->
  <testcase classname="extentreport.TestBase" name="@AfterSuite tearDown" time="0.0">
    <ignored/>
  </testcase> <!-- @AfterSuite tearDown -->
</testsuite> <!-- Test -->
