-------------------------------------------------------------------------------
Test set: TestSuite
-------------------------------------------------------------------------------
Tests run: 2, Failures: 1, Errors: 0, Skipped: 0, Time elapsed: 21.985 s <<< FAILURE! - in TestSuite
click(extentreport.TestCase01)  Time elapsed: 10.916 s  <<< FAILURE!
java.lang.AssertionError: expected [http://www.androidventure.co/] but found [http://www.androidventure.com/]
	at extentreport.TestCase01.click(TestCase01.java:23)

