<?xml version="1.0" encoding="UTF-8"?>
<testsuite xmlns:xsi="http://www.w3.org/2001/XMLSchema-instance" xsi:noNamespaceSchemaLocation="https://maven.apache.org/surefire/maven-surefire-plugin/xsd/surefire-test-report.xsd" name="TestSuite" time="21.985" tests="2" errors="0" skipped="0" failures="1">
  <properties>
[...]
</properties>
  <testcase name="search" classname="extentreport.TestCase01" time="1.44"/>
  <testcase name="click" classname="extentreport.TestCase01" time="10.916">
    <failure message="expected [http://www.androidventure.co/] but found [http://www.androidventure.com/]" type="java.lang.AssertionError">java.lang.AssertionError: expected [http://www.androidventure.co/] but found [http://www.androidventure.com/]
	at extentreport.TestCase01.click(TestCase01.java:23)
</failure>
  </testcase>
</testsuite>