<?xml version="1.0" encoding="UTF-8"?>
<testng-results ignored="2" total="4" passed="2" failed="0" skipped="0">
  <reporter-output>
  </reporter-output>
  <suite started-at="2018-08-29T05:53:42Z" name="Suite" finished-at="2018-08-29T05:53:54Z" duration-ms="12493">
    <groups>
    </groups>
    <test started-at="2018-08-29T05:53:42Z" name="Test" finished-at="2018-08-29T05:53:54Z" duration-ms="12493">
      <class name="extentreport.TestCase01">
        <test-method signature="search()[pri:0, instance:extentreport.TestCase01@a1cdc6d]" started-at="2018-08-29T05:53:42Z" name="search" finished-at="2018-08-29T05:53:51Z" duration-ms="9331" status="PASS">
          <reporter-output>
          </reporter-output>
        </test-method> <!-- search -->
        <test-method signature="click()[pri:0, instance:extentreport.TestCase01@a1cdc6d]" started-at="2018-08-29T05:53:51Z" name="click" finished-at="2018-08-29T05:53:54Z" depends-on-methods="extentreport.TestCase01.search" duration-ms="3078" status="PASS">
          <reporter-output>
          </reporter-output>
        </test-method> <!-- click -->
      </class> <!-- extentreport.TestCase01 -->
      <class name="extentreport.TestBase">
        <test-method is-config="true" signature="setUp()[pri:0, instance:extentreport.TestBase@623a8092]" started-at="2018-08-29T05:53:34Z" name="setUp" finished-at="2018-08-29T05:53:42Z" duration-ms="7730" status="PASS">
          <reporter-output>
          </reporter-output>
        </test-method> <!-- setUp -->
        <test-method is-config="true" signature="tearDown()[pri:0, instance:extentreport.TestBase@623a8092]" started-at="2018-08-29T05:53:54Z" name="tearDown" finished-at="2018-08-29T05:53:55Z" duration-ms="881" status="PASS">
          <reporter-output>
          </reporter-output>
        </test-method> <!-- tearDown -->
      </class> <!-- extentreport.TestBase -->
    </test> <!-- Test -->
  </suite> <!-- Suite -->
</testng-results>
